c:\users\admin\source\repos\tsplib_solver-master\tsplib_solver\x64\release\cuttingplanesoubtour.obj
c:\users\admin\source\repos\tsplib_solver-master\tsplib_solver\x64\release\cuttingplanecrossing.obj
c:\users\admin\source\repos\tsplib_solver-master\tsplib_solver\x64\release\data.obj
c:\users\admin\source\repos\tsplib_solver-master\tsplib_solver\x64\release\vertex.obj
c:\users\admin\source\repos\tsplib_solver-master\tsplib_solver\x64\release\edge.obj
c:\users\admin\source\repos\tsplib_solver-master\tsplib_solver\x64\release\tsp.obj
c:\users\admin\source\repos\tsplib_solver-master\tsplib_solver\x64\release\cuttingplaneflow.obj
c:\users\admin\source\repos\tsplib_solver-master\tsplib_solver\x64\release\mtz.obj
c:\users\admin\source\repos\tsplib_solver-master\tsplib_solver\x64\release\main.obj
c:\users\admin\source\repos\tsplib_solver-master\tsplib_solver\x64\release\fileparser.obj
c:\users\admin\source\repos\tsplib_solver-master\tsplib_solver\x64\release\subtourelimination.obj
c:\users\admin\source\repos\tsplib_solver-master\x64\release\tsplib_solver.exe
c:\users\admin\source\repos\tsplib_solver-master\tsplib_solver\x64\release\tsplib_solver.ipdb
c:\users\admin\source\repos\tsplib_solver-master\tsplib_solver\x64\release\tsplib_solver.iobj
c:\users\admin\source\repos\tsplib_solver-master\tsplib_solver\x64\release\tsplib_solver.tlog\cl.11104.write.1.tlog
c:\users\admin\source\repos\tsplib_solver-master\tsplib_solver\x64\release\tsplib_solver.tlog\cl.command.1.tlog
c:\users\admin\source\repos\tsplib_solver-master\tsplib_solver\x64\release\tsplib_solver.tlog\cl.items.tlog
c:\users\admin\source\repos\tsplib_solver-master\tsplib_solver\x64\release\tsplib_solver.tlog\cl.read.1.tlog
c:\users\admin\source\repos\tsplib_solver-master\tsplib_solver\x64\release\tsplib_solver.tlog\link.command.1.tlog
c:\users\admin\source\repos\tsplib_solver-master\tsplib_solver\x64\release\tsplib_solver.tlog\link.read.1.tlog
c:\users\admin\source\repos\tsplib_solver-master\tsplib_solver\x64\release\tsplib_solver.tlog\link.write.1.tlog
